#
# There is insufficient memory for the Java Runtime Environment to continue.
# Native memory allocation (malloc) failed to allocate 1151232 bytes for Chunk::new
# Possible reasons:
#   The system is out of physical RAM or swap space
#   The process is running with CompressedOops enabled, and the Java Heap may be blocking the growth of the native heap
# Possible solutions:
#   Reduce memory load on the system
#   Increase physical memory or swap space
#   Check if swap backing store is full
#   Decrease Java heap size (-Xmx/-Xms)
#   Decrease number of Java threads
#   Decrease Java thread stack sizes (-Xss)
#   Set larger code cache with -XX:ReservedCodeCacheSize=
#   JVM is running with Unscaled Compressed Oops mode in which the Java heap is
#     placed in the first 4GB address space. The Java Heap base address is the
#     maximum limit for the native heap growth. Please use -XX:HeapBaseMinAddress
#     to set the Java Heap base and to place the Java Heap above 4GB virtual address.
# This output file may be truncated or incomplete.
#
#  Out of Memory Error (arena.cpp:189), pid=17848, tid=4252
#
# JRE version: OpenJDK Runtime Environment Temurin-17.0.5+8 (17.0.5+8) (build 17.0.5+8)
# Java VM: OpenJDK 64-Bit Server VM Temurin-17.0.5+8 (17.0.5+8, mixed mode, tiered, compressed oops, compressed class ptrs, g1 gc, windows-amd64)
# No core dump will be written. Minidumps are not enabled by default on client versions of Windows
#

---------------  S U M M A R Y ------------

Command Line: -Dfile.encoding=UTF-8 -XX:+ShowCodeDetailsInExceptionMessages croisiere.CroisiereBootApplication

Host: Intel(R) Core(TM) i5-4440 CPU @ 3.10GHz, 4 cores, 7G,  Windows 10 , 64 bit Build 19041 (10.0.19041.2546)
Time: Wed Mar  1 17:10:46 2023 Paris, Madrid elapsed time: 26742.156835 seconds (0d 7h 25m 42s)

---------------  T H R E A D  ---------------

Current thread (0x000001d6dfc42120):  JavaThread "C2 CompilerThread0" daemon [_thread_in_native, id=4252, stack(0x0000003d71900000,0x0000003d71a00000)]


Current CompileTask:
C2:26742157 24222       4       org.springframework.web.cors.DefaultCorsProcessor::handleInternal (315 bytes)

Stack: [0x0000003d71900000,0x0000003d71a00000]
Native frames: (J=compiled Java code, j=interpreted, Vv=VM code, C=native code)
V  [jvm.dll+0x676b3a]
V  [jvm.dll+0x831444]
V  [jvm.dll+0x832bee]
V  [jvm.dll+0x833253]
V  [jvm.dll+0x244ce5]
V  [jvm.dll+0xabbac]
V  [jvm.dll+0xac17c]
V  [jvm.dll+0x362d57]
V  [jvm.dll+0x32d591]
V  [jvm.dll+0x32ca3a]
V  [jvm.dll+0x217b51]
V  [jvm.dll+0x216f71]
V  [jvm.dll+0x1a343d]
V  [jvm.dll+0x22698a]
V  [jvm.dll+0x224ac5]
V  [jvm.dll+0x7e727b]
V  [jvm.dll+0x7e17ea]
V  [jvm.dll+0x6759e5]
C  [ucrtbase.dll+0x21bb2]
C  [KERNEL32.DLL+0x17614]
C  [ntdll.dll+0x526a1]


---------------  P R O C E S S  ---------------

Threads class SMR info:
_java_thread_list=0x000001d6e583b1b0, length=33, elements={
0x000001d6df1dbcd0, 0x000001d6df1dd7e0, 0x000001d6dfc16380, 0x000001d6dfc17c50,
0x000001d6dfc18cb0, 0x000001d6dfc1a670, 0x000001d6dfc42120, 0x000001d6dfc85d20,
0x000001d6dfcb5680, 0x000001d6dfdb6280, 0x000001d6dfdc8dc0, 0x000001d6e1bf50b0,
0x000001d6e50f9570, 0x000001d6e50f7890, 0x000001d6e4e8c180, 0x000001d6e4e8bcb0,
0x000001d6e21e7670, 0x000001d6e21e4ff0, 0x000001d6e21e3cb0, 0x000001d6e21e54c0,
0x000001d6e4e904e0, 0x000001d6e4e92690, 0x000001d6e4e909b0, 0x000001d6e4e8ae40,
0x000001d6e4e8cb20, 0x000001d6e4e8b310, 0x000001d6e4e8b7e0, 0x000001d6e4e8cff0,
0x000001d6e4e8e800, 0x000001d6e4e8ecd0, 0x000001d6e4e8d990, 0x000001d6e4e8f1a0,
0x000001d6e4e8f670
}

Java Threads: ( => current thread )
  0x000001d6df1dbcd0 JavaThread "Reference Handler" daemon [_thread_blocked, id=6500, stack(0x0000003d71300000,0x0000003d71400000)]
  0x000001d6df1dd7e0 JavaThread "Finalizer" daemon [_thread_blocked, id=6076, stack(0x0000003d71400000,0x0000003d71500000)]
  0x000001d6dfc16380 JavaThread "Signal Dispatcher" daemon [_thread_blocked, id=1780, stack(0x0000003d71500000,0x0000003d71600000)]
  0x000001d6dfc17c50 JavaThread "Attach Listener" daemon [_thread_blocked, id=13092, stack(0x0000003d71600000,0x0000003d71700000)]
  0x000001d6dfc18cb0 JavaThread "Service Thread" daemon [_thread_blocked, id=9232, stack(0x0000003d71700000,0x0000003d71800000)]
  0x000001d6dfc1a670 JavaThread "Monitor Deflation Thread" daemon [_thread_blocked, id=17344, stack(0x0000003d71800000,0x0000003d71900000)]
=>0x000001d6dfc42120 JavaThread "C2 CompilerThread0" daemon [_thread_in_native, id=4252, stack(0x0000003d71900000,0x0000003d71a00000)]
  0x000001d6dfc85d20 JavaThread "C1 CompilerThread0" daemon [_thread_blocked, id=8168, stack(0x0000003d71a00000,0x0000003d71b00000)]
  0x000001d6dfcb5680 JavaThread "Sweeper thread" daemon [_thread_blocked, id=16620, stack(0x0000003d71b00000,0x0000003d71c00000)]
  0x000001d6dfdb6280 JavaThread "Notification Thread" daemon [_thread_blocked, id=240, stack(0x0000003d71c00000,0x0000003d71d00000)]
  0x000001d6dfdc8dc0 JavaThread "Common-Cleaner" daemon [_thread_blocked, id=5868, stack(0x0000003d71e00000,0x0000003d71f00000)]
  0x000001d6e1bf50b0 JavaThread "mysql-cj-abandoned-connection-cleanup" daemon [_thread_blocked, id=13872, stack(0x0000003d72900000,0x0000003d72a00000)]
  0x000001d6e50f9570 JavaThread "Live Reload Server" daemon [_thread_in_native, id=380, stack(0x0000003d72e00000,0x0000003d72f00000)]
  0x000001d6e50f7890 JavaThread "DestroyJavaVM" [_thread_blocked, id=16444, stack(0x0000003d70c00000,0x0000003d70d00000)]
  0x000001d6e4e8c180 JavaThread "File Watcher" daemon [_thread_in_native, id=15928, stack(0x0000003d72500000,0x0000003d72600000)]
  0x000001d6e4e8bcb0 JavaThread "File Watcher" daemon [_thread_blocked, id=10220, stack(0x0000003d71f00000,0x0000003d72000000)]
  0x000001d6e21e7670 JavaThread "Catalina-utility-1" [_thread_blocked, id=11844, stack(0x0000003d70a00000,0x0000003d70b00000)]
  0x000001d6e21e4ff0 JavaThread "Catalina-utility-2" [_thread_blocked, id=13720, stack(0x0000003d72400000,0x0000003d72500000)]
  0x000001d6e21e3cb0 JavaThread "container-2" [_thread_blocked, id=3464, stack(0x0000003d72700000,0x0000003d72800000)]
  0x000001d6e21e54c0 JavaThread "HikariPool-16 housekeeper" daemon [_thread_blocked, id=10996, stack(0x0000003d72800000,0x0000003d72900000)]
  0x000001d6e4e904e0 JavaThread "File Watcher" daemon [_thread_blocked, id=6884, stack(0x0000003d72a00000,0x0000003d72b00000)]
  0x000001d6e4e92690 JavaThread "http-nio-8888-exec-1" daemon [_thread_blocked, id=756, stack(0x0000003d72c00000,0x0000003d72d00000)]
  0x000001d6e4e909b0 JavaThread "http-nio-8888-exec-2" daemon [_thread_blocked, id=5052, stack(0x0000003d72d00000,0x0000003d72e00000)]
  0x000001d6e4e8ae40 JavaThread "http-nio-8888-exec-3" daemon [_thread_blocked, id=20056, stack(0x0000003d72f00000,0x0000003d73000000)]
  0x000001d6e4e8cb20 JavaThread "http-nio-8888-exec-4" daemon [_thread_blocked, id=356, stack(0x0000003d73000000,0x0000003d73100000)]
  0x000001d6e4e8b310 JavaThread "http-nio-8888-exec-5" daemon [_thread_blocked, id=8224, stack(0x0000003d73100000,0x0000003d73200000)]
  0x000001d6e4e8b7e0 JavaThread "http-nio-8888-exec-6" daemon [_thread_blocked, id=3952, stack(0x0000003d73200000,0x0000003d73300000)]
  0x000001d6e4e8cff0 JavaThread "http-nio-8888-exec-7" daemon [_thread_blocked, id=18896, stack(0x0000003d73300000,0x0000003d73400000)]
  0x000001d6e4e8e800 JavaThread "http-nio-8888-exec-8" daemon [_thread_blocked, id=19940, stack(0x0000003d73400000,0x0000003d73500000)]
  0x000001d6e4e8ecd0 JavaThread "http-nio-8888-exec-9" daemon [_thread_blocked, id=17108, stack(0x0000003d73500000,0x0000003d73600000)]
  0x000001d6e4e8d990 JavaThread "http-nio-8888-exec-10" daemon [_thread_blocked, id=19708, stack(0x0000003d73600000,0x0000003d73700000)]
  0x000001d6e4e8f1a0 JavaThread "http-nio-8888-Poller" daemon [_thread_in_native, id=14160, stack(0x0000003d73700000,0x0000003d73800000)]
  0x000001d6e4e8f670 JavaThread "http-nio-8888-Acceptor" daemon [_thread_in_native, id=19828, stack(0x0000003d73800000,0x0000003d73900000)]

Other Threads:
  0x000001d6df1d68a0 VMThread "VM Thread" [stack: 0x0000003d71200000,0x0000003d71300000] [id=17884]
  0x000001d6dfdbcf80 WatcherThread [stack: 0x0000003d71d00000,0x0000003d71e00000] [id=12376]
  0x000001d6c5af1960 GCTaskThread "GC Thread#0" [stack: 0x0000003d70d00000,0x0000003d70e00000] [id=15864]
  0x000001d6e14c63e0 GCTaskThread "GC Thread#1" [stack: 0x0000003d72000000,0x0000003d72100000] [id=2240]
  0x000001d6e05839f0 GCTaskThread "GC Thread#2" [stack: 0x0000003d72100000,0x0000003d72200000] [id=10004]
  0x000001d6e14bfd00 GCTaskThread "GC Thread#3" [stack: 0x0000003d72200000,0x0000003d72300000] [id=8032]
  0x000001d6c5b026a0 ConcurrentGCThread "G1 Main Marker" [stack: 0x0000003d70e00000,0x0000003d70f00000] [id=9372]
  0x000001d6c5b03850 ConcurrentGCThread "G1 Conc#0" [stack: 0x0000003d70f00000,0x0000003d71000000] [id=1156]
  0x000001d6df0304a0 ConcurrentGCThread "G1 Refine#0" [stack: 0x0000003d71000000,0x0000003d71100000] [id=17480]
  0x000001d6dfe75830 ConcurrentGCThread "G1 Refine#1" [stack: 0x0000003d72300000,0x0000003d72400000] [id=16592]
  0x000001d6df030ec0 ConcurrentGCThread "G1 Service" [stack: 0x0000003d71100000,0x0000003d71200000] [id=6040]

Threads with active compile tasks:
C2 CompilerThread0  26742212 24222       4       org.springframework.web.cors.DefaultCorsProcessor::handleInternal (315 bytes)

VM state: not at safepoint (normal execution)

VM Mutex/Monitor currently owned by a thread: None

Heap address: 0x0000000081000000, size: 2032 MB, Compressed Oops mode: 32-bit

CDS archive(s) not mapped
Compressed class space mapped at: 0x0000000100000000-0x0000000140000000, reserved size: 1073741824
Narrow klass base: 0x0000000000000000, Narrow klass shift: 3, Narrow klass range: 0x140000000

GC Precious Log:
 CPUs: 4 total, 4 available
 Memory: 8120M
 Large Page Support: Disabled
 NUMA Support: Disabled
 Compressed Oops: Enabled (32-bit)
 Heap Region Size: 1M
 Heap Min Capacity: 8M
 Heap Initial Capacity: 128M
 Heap Max Capacity: 2032M
 Pre-touch: Disabled
 Parallel Workers: 4
 Concurrent Workers: 1
 Concurrent Refinement Workers: 4
 Periodic GC: Disabled

Heap:
 garbage-first heap   total 112640K, used 68041K [0x0000000081000000, 0x0000000100000000)
  region size 1024K, 30 young (30720K), 1 survivors (1024K)
 Metaspace       used 90785K, committed 94592K, reserved 1138688K
  class space    used 10621K, committed 11264K, reserved 1048576K

Heap Regions: E=young(eden), S=young(survivor), O=old, HS=humongous(starts), HC=humongous(continues), CS=collection set, F=free, OA=open archive, CA=closed archive, TAMS=top-at-mark-start (previous, next)
|   0|0x0000000081000000, 0x0000000081100000, 0x0000000081100000|100%|HS|  |TAMS 0x0000000081100000, 0x0000000081000000| Complete 
|   1|0x0000000081100000, 0x0000000081200000, 0x0000000081200000|100%| O|  |TAMS 0x0000000081200000, 0x0000000081100000| Untracked 
|   2|0x0000000081200000, 0x0000000081300000, 0x0000000081300000|100%| O|  |TAMS 0x0000000081300000, 0x0000000081200000| Untracked 
|   3|0x0000000081300000, 0x00000000813fe6a8, 0x0000000081400000| 99%| O|  |TAMS 0x00000000813fe6a8, 0x0000000081300000| Untracked 
|   4|0x0000000081400000, 0x00000000814ffff0, 0x0000000081500000| 99%| O|  |TAMS 0x00000000814ffff0, 0x0000000081400000| Untracked 
|   5|0x0000000081500000, 0x0000000081600000, 0x0000000081600000|100%| O|  |TAMS 0x0000000081600000, 0x0000000081500000| Untracked 
|   6|0x0000000081600000, 0x00000000816fa8b8, 0x0000000081700000| 97%| O|  |TAMS 0x00000000816fa8b8, 0x0000000081600000| Untracked 
|   7|0x0000000081700000, 0x00000000817ffff8, 0x0000000081800000| 99%| O|  |TAMS 0x00000000817ffff8, 0x0000000081700000| Untracked 
|   8|0x0000000081800000, 0x00000000818fffc0, 0x0000000081900000| 99%| O|  |TAMS 0x00000000818fffc0, 0x0000000081800000| Untracked 
|   9|0x0000000081900000, 0x0000000081a00000, 0x0000000081a00000|100%| O|  |TAMS 0x0000000081a00000, 0x0000000081900000| Untracked 
|  10|0x0000000081a00000, 0x0000000081affff0, 0x0000000081b00000| 99%| O|  |TAMS 0x0000000081affff0, 0x0000000081a00000| Untracked 
|  11|0x0000000081b00000, 0x0000000081bffff0, 0x0000000081c00000| 99%| O|  |TAMS 0x0000000081bffff0, 0x0000000081b00000| Untracked 
|  12|0x0000000081c00000, 0x0000000081cffff8, 0x0000000081d00000| 99%| O|  |TAMS 0x0000000081cffff8, 0x0000000081c00000| Untracked 
|  13|0x0000000081d00000, 0x0000000081dffc50, 0x0000000081e00000| 99%| O|  |TAMS 0x0000000081dffc50, 0x0000000081d00000| Untracked 
|  14|0x0000000081e00000, 0x0000000081efff60, 0x0000000081f00000| 99%| O|  |TAMS 0x0000000081efff60, 0x0000000081e00000| Untracked 
|  15|0x0000000081f00000, 0x0000000081ffffe0, 0x0000000082000000| 99%| O|  |TAMS 0x0000000081ffffe0, 0x0000000081f00000| Untracked 
|  16|0x0000000082000000, 0x00000000820fffe8, 0x0000000082100000| 99%| O|  |TAMS 0x00000000820fffe8, 0x0000000082000000| Untracked 
|  17|0x0000000082100000, 0x00000000821ffff0, 0x0000000082200000| 99%| O|  |TAMS 0x00000000821ffff0, 0x0000000082100000| Untracked 
|  18|0x0000000082200000, 0x00000000822ffff0, 0x0000000082300000| 99%| O|  |TAMS 0x00000000822ffff0, 0x0000000082200000| Untracked 
|  19|0x0000000082300000, 0x00000000823ffdc8, 0x0000000082400000| 99%| O|  |TAMS 0x00000000823ffdc8, 0x0000000082300000| Untracked 
|  20|0x0000000082400000, 0x0000000082500000, 0x0000000082500000|100%| O|  |TAMS 0x0000000082500000, 0x0000000082400000| Untracked 
|  21|0x0000000082500000, 0x00000000825fffe8, 0x0000000082600000| 99%| O|  |TAMS 0x00000000825fffe8, 0x0000000082500000| Untracked 
|  22|0x0000000082600000, 0x00000000826ffff8, 0x0000000082700000| 99%| O|  |TAMS 0x00000000826ffff8, 0x0000000082600000| Untracked 
|  23|0x0000000082700000, 0x00000000827fcfa0, 0x0000000082800000| 98%| O|  |TAMS 0x00000000827fcfa0, 0x0000000082700000| Untracked 
|  24|0x0000000082800000, 0x000000008286e800, 0x0000000082900000| 43%| O|  |TAMS 0x000000008286e800, 0x0000000082800000| Untracked 
|  25|0x0000000082900000, 0x0000000082900000, 0x0000000082a00000|  0%| F|  |TAMS 0x0000000082900000, 0x0000000082900000| Untracked 
|  26|0x0000000082a00000, 0x0000000082b00000, 0x0000000082b00000|100%| O|  |TAMS 0x0000000082b00000, 0x0000000082a00000| Untracked 
|  27|0x0000000082b00000, 0x0000000082b00000, 0x0000000082c00000|  0%| F|  |TAMS 0x0000000082b00000, 0x0000000082b00000| Untracked 
|  28|0x0000000082c00000, 0x0000000082c00000, 0x0000000082d00000|  0%| F|  |TAMS 0x0000000082c00000, 0x0000000082c00000| Untracked 
|  29|0x0000000082d00000, 0x0000000082d00000, 0x0000000082e00000|  0%| F|  |TAMS 0x0000000082d00000, 0x0000000082d00000| Untracked 
|  30|0x0000000082e00000, 0x0000000082e00000, 0x0000000082f00000|  0%| F|  |TAMS 0x0000000082e00000, 0x0000000082e00000| Untracked 
|  31|0x0000000082f00000, 0x0000000083000000, 0x0000000083000000|100%| O|  |TAMS 0x0000000083000000, 0x0000000082f00000| Untracked 
|  32|0x0000000083000000, 0x0000000083100000, 0x0000000083100000|100%| O|  |TAMS 0x0000000083100000, 0x0000000083000000| Untracked 
|  33|0x0000000083100000, 0x0000000083200000, 0x0000000083200000|100%| O|  |TAMS 0x0000000083200000, 0x0000000083100000| Untracked 
|  34|0x0000000083200000, 0x0000000083300000, 0x0000000083300000|100%| O|  |TAMS 0x0000000083300000, 0x0000000083200000| Untracked 
|  35|0x0000000083300000, 0x0000000083400000, 0x0000000083400000|100%| O|  |TAMS 0x0000000083400000, 0x0000000083300000| Untracked 
|  36|0x0000000083400000, 0x0000000083500000, 0x0000000083500000|100%| O|  |TAMS 0x0000000083500000, 0x0000000083400000| Untracked 
|  37|0x0000000083500000, 0x0000000083600000, 0x0000000083600000|100%| O|  |TAMS 0x0000000083600000, 0x0000000083500000| Untracked 
|  38|0x0000000083600000, 0x0000000083700000, 0x0000000083700000|100%| O|  |TAMS 0x0000000083700000, 0x0000000083600000| Untracked 
|  39|0x0000000083700000, 0x0000000083800000, 0x0000000083800000|100%| O|  |TAMS 0x0000000083800000, 0x0000000083700000| Untracked 
|  40|0x0000000083800000, 0x0000000083800000, 0x0000000083900000|  0%| F|  |TAMS 0x0000000083800000, 0x0000000083800000| Untracked 
|  41|0x0000000083900000, 0x0000000083a00000, 0x0000000083a00000|100%| O|  |TAMS 0x0000000083a00000, 0x0000000083900000| Untracked 
|  42|0x0000000083a00000, 0x0000000083b00000, 0x0000000083b00000|100%| O|  |TAMS 0x0000000083b00000, 0x0000000083a00000| Untracked 
|  43|0x0000000083b00000, 0x0000000083b00000, 0x0000000083c00000|  0%| F|  |TAMS 0x0000000083b00000, 0x0000000083b00000| Untracked 
|  44|0x0000000083c00000, 0x0000000083d00000, 0x0000000083d00000|100%| O|  |TAMS 0x0000000083d00000, 0x0000000083c00000| Untracked 
|  45|0x0000000083d00000, 0x0000000083e00000, 0x0000000083e00000|100%| O|  |TAMS 0x0000000083e00000, 0x0000000083d00000| Untracked 
|  46|0x0000000083e00000, 0x0000000083f00000, 0x0000000083f00000|100%| O|  |TAMS 0x0000000083f00000, 0x0000000083e00000| Untracked 
|  47|0x0000000083f00000, 0x0000000083f00000, 0x0000000084000000|  0%| F|  |TAMS 0x0000000083f00000, 0x0000000083f00000| Untracked 
|  48|0x0000000084000000, 0x0000000084000000, 0x0000000084100000|  0%| F|  |TAMS 0x0000000084000000, 0x0000000084000000| Untracked 
|  49|0x0000000084100000, 0x0000000084100000, 0x0000000084200000|  0%| F|  |TAMS 0x0000000084100000, 0x0000000084100000| Untracked 
|  50|0x0000000084200000, 0x0000000084200000, 0x0000000084300000|  0%| F|  |TAMS 0x0000000084200000, 0x0000000084200000| Untracked 
|  51|0x0000000084300000, 0x0000000084300000, 0x0000000084400000|  0%| F|  |TAMS 0x0000000084300000, 0x0000000084300000| Untracked 
|  52|0x0000000084400000, 0x000000008440e700, 0x0000000084500000|  5%| S|CS|TAMS 0x0000000084400000, 0x0000000084400000| Complete 
|  53|0x0000000084500000, 0x0000000084500000, 0x0000000084600000|  0%| F|  |TAMS 0x0000000084500000, 0x0000000084500000| Untracked 
|  54|0x0000000084600000, 0x0000000084600000, 0x0000000084700000|  0%| F|  |TAMS 0x0000000084600000, 0x0000000084600000| Untracked 
|  55|0x0000000084700000, 0x0000000084700000, 0x0000000084800000|  0%| F|  |TAMS 0x0000000084700000, 0x0000000084700000| Untracked 
|  56|0x0000000084800000, 0x0000000084800000, 0x0000000084900000|  0%| F|  |TAMS 0x0000000084800000, 0x0000000084800000| Untracked 
|  57|0x0000000084900000, 0x0000000084900000, 0x0000000084a00000|  0%| F|  |TAMS 0x0000000084900000, 0x0000000084900000| Untracked 
|  58|0x0000000084a00000, 0x0000000084a00000, 0x0000000084b00000|  0%| F|  |TAMS 0x0000000084a00000, 0x0000000084a00000| Untracked 
|  59|0x0000000084b00000, 0x0000000084b00000, 0x0000000084c00000|  0%| F|  |TAMS 0x0000000084b00000, 0x0000000084b00000| Untracked 
|  60|0x0000000084c00000, 0x0000000084c00000, 0x0000000084d00000|  0%| F|  |TAMS 0x0000000084c00000, 0x0000000084c00000| Untracked 
|  61|0x0000000084d00000, 0x0000000084d00000, 0x0000000084e00000|  0%| F|  |TAMS 0x0000000084d00000, 0x0000000084d00000| Untracked 
|  62|0x0000000084e00000, 0x0000000084e00000, 0x0000000084f00000|  0%| F|  |TAMS 0x0000000084e00000, 0x0000000084e00000| Untracked 
|  63|0x0000000084f00000, 0x0000000084f00000, 0x0000000085000000|  0%| F|  |TAMS 0x0000000084f00000, 0x0000000084f00000| Untracked 
|  64|0x0000000085000000, 0x0000000085000000, 0x0000000085100000|  0%| F|  |TAMS 0x0000000085000000, 0x0000000085000000| Untracked 
|  65|0x0000000085100000, 0x0000000085100000, 0x0000000085200000|  0%| F|  |TAMS 0x0000000085100000, 0x0000000085100000| Untracked 
|  66|0x0000000085200000, 0x0000000085200000, 0x0000000085300000|  0%| F|  |TAMS 0x0000000085200000, 0x0000000085200000| Untracked 
|  67|0x0000000085300000, 0x0000000085300000, 0x0000000085400000|  0%| F|  |TAMS 0x0000000085300000, 0x0000000085300000| Untracked 
|  68|0x0000000085400000, 0x0000000085400000, 0x0000000085500000|  0%| F|  |TAMS 0x0000000085400000, 0x0000000085400000| Untracked 
|  69|0x0000000085500000, 0x0000000085500000, 0x0000000085600000|  0%| F|  |TAMS 0x0000000085500000, 0x0000000085500000| Untracked 
|  70|0x0000000085600000, 0x0000000085600000, 0x0000000085700000|  0%| F|  |TAMS 0x0000000085600000, 0x0000000085600000| Untracked 
|  71|0x0000000085700000, 0x0000000085700000, 0x0000000085800000|  0%| F|  |TAMS 0x0000000085700000, 0x0000000085700000| Untracked 
|  72|0x0000000085800000, 0x0000000085800000, 0x0000000085900000|  0%| F|  |TAMS 0x0000000085800000, 0x0000000085800000| Untracked 
|  73|0x0000000085900000, 0x0000000085900000, 0x0000000085a00000|  0%| F|  |TAMS 0x0000000085900000, 0x0000000085900000| Untracked 
|  74|0x0000000085a00000, 0x0000000085a00000, 0x0000000085b00000|  0%| F|  |TAMS 0x0000000085a00000, 0x0000000085a00000| Untracked 
|  75|0x0000000085b00000, 0x0000000085b00000, 0x0000000085c00000|  0%| F|  |TAMS 0x0000000085b00000, 0x0000000085b00000| Untracked 
|  76|0x0000000085c00000, 0x0000000085c00000, 0x0000000085d00000|  0%| F|  |TAMS 0x0000000085c00000, 0x0000000085c00000| Untracked 
|  77|0x0000000085d00000, 0x0000000085d00000, 0x0000000085e00000|  0%| F|  |TAMS 0x0000000085d00000, 0x0000000085d00000| Untracked 
|  78|0x0000000085e00000, 0x0000000085e00000, 0x0000000085f00000|  0%| F|  |TAMS 0x0000000085e00000, 0x0000000085e00000| Untracked 
|  79|0x0000000085f00000, 0x0000000085f00000, 0x0000000086000000|  0%| F|  |TAMS 0x0000000085f00000, 0x0000000085f00000| Untracked 
|  80|0x0000000086000000, 0x0000000086000000, 0x0000000086100000|  0%| F|  |TAMS 0x0000000086000000, 0x0000000086000000| Untracked 
|  81|0x0000000086100000, 0x0000000086145018, 0x0000000086200000| 26%| E|  |TAMS 0x0000000086100000, 0x0000000086100000| Complete 
|  82|0x0000000086200000, 0x0000000086300000, 0x0000000086300000|100%| E|CS|TAMS 0x0000000086200000, 0x0000000086200000| Complete 
|  83|0x0000000086300000, 0x0000000086400000, 0x0000000086400000|100%| E|CS|TAMS 0x0000000086300000, 0x0000000086300000| Complete 
|  84|0x0000000086400000, 0x0000000086500000, 0x0000000086500000|100%| E|CS|TAMS 0x0000000086400000, 0x0000000086400000| Complete 
|  85|0x0000000086500000, 0x0000000086600000, 0x0000000086600000|100%| E|CS|TAMS 0x0000000086500000, 0x0000000086500000| Complete 
|  86|0x0000000086600000, 0x0000000086700000, 0x0000000086700000|100%| E|CS|TAMS 0x0000000086600000, 0x0000000086600000| Complete 
|  87|0x0000000086700000, 0x0000000086800000, 0x0000000086800000|100%| E|CS|TAMS 0x0000000086700000, 0x0000000086700000| Complete 
|  88|0x0000000086800000, 0x0000000086900000, 0x0000000086900000|100%| E|CS|TAMS 0x0000000086800000, 0x0000000086800000| Complete 
|  89|0x0000000086900000, 0x0000000086a00000, 0x0000000086a00000|100%| E|CS|TAMS 0x0000000086900000, 0x0000000086900000| Complete 
|  90|0x0000000086a00000, 0x0000000086b00000, 0x0000000086b00000|100%| E|CS|TAMS 0x0000000086a00000, 0x0000000086a00000| Complete 
|  91|0x0000000086b00000, 0x0000000086c00000, 0x0000000086c00000|100%| E|CS|TAMS 0x0000000086b00000, 0x0000000086b00000| Complete 
|  92|0x0000000086c00000, 0x0000000086d00000, 0x0000000086d00000|100%| E|CS|TAMS 0x0000000086c00000, 0x0000000086c00000| Complete 
|  93|0x0000000086d00000, 0x0000000086e00000, 0x0000000086e00000|100%| E|CS|TAMS 0x0000000086d00000, 0x0000000086d00000| Complete 
|  94|0x0000000086e00000, 0x0000000086f00000, 0x0000000086f00000|100%| E|CS|TAMS 0x0000000086e00000, 0x0000000086e00000| Complete 
|  95|0x0000000086f00000, 0x0000000087000000, 0x0000000087000000|100%| E|CS|TAMS 0x0000000086f00000, 0x0000000086f00000| Complete 
|  96|0x0000000087000000, 0x0000000087100000, 0x0000000087100000|100%| E|  |TAMS 0x0000000087000000, 0x0000000087000000| Complete 
|  97|0x0000000087100000, 0x0000000087200000, 0x0000000087200000|100%| E|CS|TAMS 0x0000000087100000, 0x0000000087100000| Complete 
|  98|0x0000000087200000, 0x0000000087300000, 0x0000000087300000|100%| E|CS|TAMS 0x0000000087200000, 0x0000000087200000| Complete 
|  99|0x0000000087300000, 0x0000000087400000, 0x0000000087400000|100%| E|CS|TAMS 0x0000000087300000, 0x0000000087300000| Complete 
| 100|0x0000000087400000, 0x0000000087500000, 0x0000000087500000|100%| E|CS|TAMS 0x0000000087400000, 0x0000000087400000| Complete 
| 101|0x0000000087500000, 0x0000000087600000, 0x0000000087600000|100%| E|CS|TAMS 0x0000000087500000, 0x0000000087500000| Complete 
| 102|0x0000000087600000, 0x0000000087700000, 0x0000000087700000|100%| E|CS|TAMS 0x0000000087600000, 0x0000000087600000| Complete 
| 103|0x0000000087700000, 0x0000000087800000, 0x0000000087800000|100%| E|CS|TAMS 0x0000000087700000, 0x0000000087700000| Complete 
| 104|0x0000000087800000, 0x0000000087900000, 0x0000000087900000|100%| E|CS|TAMS 0x0000000087800000, 0x0000000087800000| Complete 
| 105|0x0000000087900000, 0x0000000087a00000, 0x0000000087a00000|100%| E|CS|TAMS 0x0000000087900000, 0x0000000087900000| Complete 
| 106|0x0000000087a00000, 0x0000000087b00000, 0x0000000087b00000|100%| E|CS|TAMS 0x0000000087a00000, 0x0000000087a00000| Complete 
| 107|0x0000000087b00000, 0x0000000087c00000, 0x0000000087c00000|100%| E|CS|TAMS 0x0000000087b00000, 0x0000000087b00000| Complete 
| 108|0x0000000087c00000, 0x0000000087d00000, 0x0000000087d00000|100%| E|CS|TAMS 0x0000000087c00000, 0x0000000087c00000| Complete 
| 109|0x0000000087d00000, 0x0000000087e00000, 0x0000000087e00000|100%| E|CS|TAMS 0x0000000087d00000, 0x0000000087d00000| Complete 

Card table byte_map: [0x000001d6d8550000,0x000001d6d8950000] _byte_map_base: 0x000001d6d8148000

Marking Bits (Prev, Next): (CMBitMap*) 0x000001d6c5af1f70, (CMBitMap*) 0x000001d6c5af1fb0
 Prev Bits: [0x000001d6d8d50000, 0x000001d6dad10000)
 Next Bits: [0x000001d6dad10000, 0x000001d6dccd0000)

Polling page: 0x000001d6c3c10000

Metaspace:

Usage:
  Non-class:     78.29 MB used.
      Class:     10.37 MB used.
       Both:     88.66 MB used.

Virtual space:
  Non-class space:       88.00 MB reserved,      81.38 MB ( 92%) committed,  11 nodes.
      Class space:        1.00 GB reserved,      11.00 MB (  1%) committed,  1 nodes.
             Both:        1.09 GB reserved,      92.38 MB (  8%) committed. 

Chunk freelists:
   Non-Class:  5.29 MB
       Class:  1.26 MB
        Both:  6.54 MB

MaxMetaspaceSize: unlimited
CompressedClassSpaceSize: 1.00 GB
Initial GC threshold: 21.00 MB
Current GC threshold: 157.50 MB
CDS: off
MetaspaceReclaimPolicy: balanced
 - commit_granule_bytes: 65536.
 - commit_granule_words: 8192.
 - virtual_space_node_default_size: 1048576.
 - enlarge_chunks_in_place: 1.
 - new_chunks_are_fully_committed: 0.
 - uncommit_free_chunks: 1.
 - use_allocation_guard: 0.
 - handle_deallocations: 1.


Internal statistics:

num_allocs_failed_limit: 8.
num_arena_births: 1664.
num_arena_deaths: 958.
num_vsnodes_births: 12.
num_vsnodes_deaths: 0.
num_space_committed: 1518.
num_space_uncommitted: 40.
num_chunks_returned_to_freelist: 1995.
num_chunks_taken_from_freelist: 5958.
num_chunk_merges: 384.
num_chunk_splits: 3168.
num_chunks_enlarged: 2073.
num_purges: 66.
num_inconsistent_stats: 0.

CodeHeap 'non-profiled nmethods': size=120000Kb used=22907Kb max_used=23001Kb free=97093Kb
 bounds [0x000001d6d0c20000, 0x000001d6d22a0000, 0x000001d6d8150000]
CodeHeap 'profiled nmethods': size=120000Kb used=34009Kb max_used=34945Kb free=85990Kb
 bounds [0x000001d6c96f0000, 0x000001d6cb920000, 0x000001d6d0c20000]
CodeHeap 'non-nmethods': size=5760Kb used=1360Kb max_used=1457Kb free=4399Kb
 bounds [0x000001d6c9150000, 0x000001d6c93c0000, 0x000001d6c96f0000]
 total_blobs=19024 nmethods=18337 adapters=598
 compilation: enabled
              stopped_count=0, restarted_count=0
 full_count=0

Compilation events (20 events):
Event: 26738.685 Thread 0x000001d6dfc42120 nmethod 24212 0x000001d6d0c74b10 code [0x000001d6d0c74ca0, 0x000001d6d0c74d78]
Event: 26738.689 Thread 0x000001d6dfc42120 24213       4       croisiere.model.Voyage::<init> (49 bytes)
Event: 26738.693 Thread 0x000001d6dfc42120 nmethod 24213 0x000001d6d1e5d410 code [0x000001d6d1e5d5c0, 0x000001d6d1e5db18]
Event: 26738.695 Thread 0x000001d6dfc42120 24214   !   4       jdk.internal.reflect.GeneratedMethodAccessor376::invoke (63 bytes)
Event: 26738.696 Thread 0x000001d6dfc42120 nmethod 24214 0x000001d6d1354010 code [0x000001d6d13541a0, 0x000001d6d1354278]
Event: 26738.698 Thread 0x000001d6dfc42120 24215       4       org.hibernate.collection.internal.PersistentBag::get (15 bytes)
Event: 26738.707 Thread 0x000001d6dfc42120 nmethod 24215 0x000001d6d1e5c810 code [0x000001d6d1e5c9e0, 0x000001d6d1e5cf68]
Event: 26738.736 Thread 0x000001d6dfc42120 24216   !   4       jdk.proxy19.$Proxy360::findById (36 bytes)
Event: 26738.738 Thread 0x000001d6dfc42120 nmethod 24216 0x000001d6d12d8810 code [0x000001d6d12d89c0, 0x000001d6d12d8be8]
Event: 26738.777 Thread 0x000001d6dfc42120 24217   !   4       jdk.internal.reflect.GeneratedMethodAccessor380::invoke (65 bytes)
Event: 26738.779 Thread 0x000001d6dfc42120 nmethod 24217 0x000001d6d1e5c390 code [0x000001d6d1e5c520, 0x000001d6d1e5c648]
Event: 26738.787 Thread 0x000001d6dfc42120 24218   !   4       jdk.internal.reflect.GeneratedConstructorAccessor281::newInstance (49 bytes)
Event: 26738.792 Thread 0x000001d6dfc42120 nmethod 24218 0x000001d6d124cf10 code [0x000001d6d124d0c0, 0x000001d6d124d658]
Event: 26738.826 Thread 0x000001d6dfc42120 24219   !   4       jdk.proxy2.$Proxy159::equals (39 bytes)
Event: 26738.829 Thread 0x000001d6dfc42120 nmethod 24219 0x000001d6d1e5bc90 code [0x000001d6d1e5be40, 0x000001d6d1e5c068]
Event: 26741.871 Thread 0x000001d6dfc42120 24220       4       org.apache.catalina.authenticator.AuthenticatorBase::getJaspicProvider (23 bytes)
Event: 26741.874 Thread 0x000001d6dfc42120 nmethod 24220 0x000001d6d1e01c90 code [0x000001d6d1e01e20, 0x000001d6d1e01f28]
Event: 26741.910 Thread 0x000001d6dfc42120 24221   !   4       org.apache.catalina.core.StandardHostValve::invoke (396 bytes)
Event: 26742.006 Thread 0x000001d6dfc42120 nmethod 24221 0x000001d6d1ff6390 code [0x000001d6d1ff6740, 0x000001d6d1ff9608]
Event: 26742.006 Thread 0x000001d6dfc42120 24222       4       org.springframework.web.cors.DefaultCorsProcessor::handleInternal (315 bytes)

GC Heap History (20 events):
Event: 26700.118 GC heap before
{Heap before GC invocations=410 (full 13):
 garbage-first heap   total 112640K, used 97804K [0x0000000081000000, 0x0000000100000000)
  region size 1024K, 58 young (59392K), 1 survivors (1024K)
 Metaspace       used 90785K, committed 94592K, reserved 1138688K
  class space    used 10621K, committed 11264K, reserved 1048576K
}
Event: 26700.120 GC heap after
{Heap after GC invocations=411 (full 13):
 garbage-first heap   total 112640K, used 40401K [0x0000000081000000, 0x0000000100000000)
  region size 1024K, 1 young (1024K), 1 survivors (1024K)
 Metaspace       used 90785K, committed 94592K, reserved 1138688K
  class space    used 10621K, committed 11264K, reserved 1048576K
}
Event: 26707.403 GC heap before
{Heap before GC invocations=412 (full 13):
 garbage-first heap   total 112640K, used 97745K [0x0000000081000000, 0x0000000100000000)
  region size 1024K, 58 young (59392K), 1 survivors (1024K)
 Metaspace       used 90785K, committed 94592K, reserved 1138688K
  class space    used 10621K, committed 11264K, reserved 1048576K
}
Event: 26707.442 GC heap after
{Heap after GC invocations=413 (full 13):
 garbage-first heap   total 112640K, used 40454K [0x0000000081000000, 0x0000000100000000)
  region size 1024K, 1 young (1024K), 1 survivors (1024K)
 Metaspace       used 90785K, committed 94592K, reserved 1138688K
  class space    used 10621K, committed 11264K, reserved 1048576K
}
Event: 26711.083 GC heap before
{Heap before GC invocations=413 (full 13):
 garbage-first heap   total 112640K, used 97798K [0x0000000081000000, 0x0000000100000000)
  region size 1024K, 58 young (59392K), 1 survivors (1024K)
 Metaspace       used 90785K, committed 94592K, reserved 1138688K
  class space    used 10621K, committed 11264K, reserved 1048576K
}
Event: 26711.084 GC heap after
{Heap after GC invocations=414 (full 13):
 garbage-first heap   total 112640K, used 40405K [0x0000000081000000, 0x0000000100000000)
  region size 1024K, 1 young (1024K), 1 survivors (1024K)
 Metaspace       used 90785K, committed 94592K, reserved 1138688K
  class space    used 10621K, committed 11264K, reserved 1048576K
}
Event: 26723.994 GC heap before
{Heap before GC invocations=415 (full 13):
 garbage-first heap   total 112640K, used 97749K [0x0000000081000000, 0x0000000100000000)
  region size 1024K, 58 young (59392K), 1 survivors (1024K)
 Metaspace       used 90785K, committed 94592K, reserved 1138688K
  class space    used 10621K, committed 11264K, reserved 1048576K
}
Event: 26723.996 GC heap after
{Heap after GC invocations=416 (full 13):
 garbage-first heap   total 112640K, used 40500K [0x0000000081000000, 0x0000000100000000)
  region size 1024K, 1 young (1024K), 1 survivors (1024K)
 Metaspace       used 90785K, committed 94592K, reserved 1138688K
  class space    used 10621K, committed 11264K, reserved 1048576K
}
Event: 26733.450 GC heap before
{Heap before GC invocations=416 (full 13):
 garbage-first heap   total 112640K, used 97844K [0x0000000081000000, 0x0000000100000000)
  region size 1024K, 58 young (59392K), 1 survivors (1024K)
 Metaspace       used 90785K, committed 94592K, reserved 1138688K
  class space    used 10621K, committed 11264K, reserved 1048576K
}
Event: 26733.454 GC heap after
{Heap after GC invocations=417 (full 13):
 garbage-first heap   total 112640K, used 40384K [0x0000000081000000, 0x0000000100000000)
  region size 1024K, 1 young (1024K), 1 survivors (1024K)
 Metaspace       used 90785K, committed 94592K, reserved 1138688K
  class space    used 10621K, committed 11264K, reserved 1048576K
}
Event: 26735.928 GC heap before
{Heap before GC invocations=418 (full 13):
 garbage-first heap   total 112640K, used 97728K [0x0000000081000000, 0x0000000100000000)
  region size 1024K, 58 young (59392K), 1 survivors (1024K)
 Metaspace       used 90785K, committed 94592K, reserved 1138688K
  class space    used 10621K, committed 11264K, reserved 1048576K
}
Event: 26735.930 GC heap after
{Heap after GC invocations=419 (full 13):
 garbage-first heap   total 112640K, used 40431K [0x0000000081000000, 0x0000000100000000)
  region size 1024K, 1 young (1024K), 1 survivors (1024K)
 Metaspace       used 90785K, committed 94592K, reserved 1138688K
  class space    used 10621K, committed 11264K, reserved 1048576K
}
Event: 26736.968 GC heap before
{Heap before GC invocations=419 (full 13):
 garbage-first heap   total 112640K, used 97775K [0x0000000081000000, 0x0000000100000000)
  region size 1024K, 58 young (59392K), 1 survivors (1024K)
 Metaspace       used 90785K, committed 94592K, reserved 1138688K
  class space    used 10621K, committed 11264K, reserved 1048576K
}
Event: 26736.970 GC heap after
{Heap after GC invocations=420 (full 13):
 garbage-first heap   total 112640K, used 40372K [0x0000000081000000, 0x0000000100000000)
  region size 1024K, 1 young (1024K), 1 survivors (1024K)
 Metaspace       used 90785K, committed 94592K, reserved 1138688K
  class space    used 10621K, committed 11264K, reserved 1048576K
}
Event: 26738.663 GC heap before
{Heap before GC invocations=421 (full 13):
 garbage-first heap   total 112640K, used 97716K [0x0000000081000000, 0x0000000100000000)
  region size 1024K, 58 young (59392K), 1 survivors (1024K)
 Metaspace       used 90785K, committed 94592K, reserved 1138688K
  class space    used 10621K, committed 11264K, reserved 1048576K
}
Event: 26738.665 GC heap after
{Heap after GC invocations=422 (full 13):
 garbage-first heap   total 112640K, used 40446K [0x0000000081000000, 0x0000000100000000)
  region size 1024K, 1 young (1024K), 1 survivors (1024K)
 Metaspace       used 90785K, committed 94592K, reserved 1138688K
  class space    used 10621K, committed 11264K, reserved 1048576K
}
Event: 26739.941 GC heap before
{Heap before GC invocations=422 (full 13):
 garbage-first heap   total 112640K, used 97790K [0x0000000081000000, 0x0000000100000000)
  region size 1024K, 58 young (59392K), 1 survivors (1024K)
 Metaspace       used 90785K, committed 94592K, reserved 1138688K
  class space    used 10621K, committed 11264K, reserved 1048576K
}
Event: 26739.943 GC heap after
{Heap after GC invocations=423 (full 13):
 garbage-first heap   total 112640K, used 40431K [0x0000000081000000, 0x0000000100000000)
  region size 1024K, 1 young (1024K), 1 survivors (1024K)
 Metaspace       used 90785K, committed 94592K, reserved 1138688K
  class space    used 10621K, committed 11264K, reserved 1048576K
}
Event: 26741.296 GC heap before
{Heap before GC invocations=424 (full 13):
 garbage-first heap   total 112640K, used 97775K [0x0000000081000000, 0x0000000100000000)
  region size 1024K, 58 young (59392K), 1 survivors (1024K)
 Metaspace       used 90785K, committed 94592K, reserved 1138688K
  class space    used 10621K, committed 11264K, reserved 1048576K
}
Event: 26741.297 GC heap after
{Heap after GC invocations=425 (full 13):
 garbage-first heap   total 112640K, used 40393K [0x0000000081000000, 0x0000000100000000)
  region size 1024K, 1 young (1024K), 1 survivors (1024K)
 Metaspace       used 90785K, committed 94592K, reserved 1138688K
  class space    used 10621K, committed 11264K, reserved 1048576K
}

Dll operation events (9 events):
Event: 0.023 Loaded shared library C:\Users\User\.p2\pool\plugins\org.eclipse.justj.openjdk.hotspot.jre.full.win32.x86_64_17.0.5.v20221102-0933\jre\bin\java.dll
Event: 0.321 Loaded shared library C:\Users\User\.p2\pool\plugins\org.eclipse.justj.openjdk.hotspot.jre.full.win32.x86_64_17.0.5.v20221102-0933\jre\bin\net.dll
Event: 0.324 Loaded shared library C:\Users\User\.p2\pool\plugins\org.eclipse.justj.openjdk.hotspot.jre.full.win32.x86_64_17.0.5.v20221102-0933\jre\bin\nio.dll
Event: 0.335 Loaded shared library C:\Users\User\.p2\pool\plugins\org.eclipse.justj.openjdk.hotspot.jre.full.win32.x86_64_17.0.5.v20221102-0933\jre\bin\zip.dll
Event: 0.449 Loaded shared library C:\Users\User\.p2\pool\plugins\org.eclipse.justj.openjdk.hotspot.jre.full.win32.x86_64_17.0.5.v20221102-0933\jre\bin\verify.dll
Event: 0.457 Loaded shared library C:\Users\User\.p2\pool\plugins\org.eclipse.justj.openjdk.hotspot.jre.full.win32.x86_64_17.0.5.v20221102-0933\jre\bin\jimage.dll
Event: 0.954 Loaded shared library C:\Users\User\.p2\pool\plugins\org.eclipse.justj.openjdk.hotspot.jre.full.win32.x86_64_17.0.5.v20221102-0933\jre\bin\management.dll
Event: 0.984 Loaded shared library C:\Users\User\.p2\pool\plugins\org.eclipse.justj.openjdk.hotspot.jre.full.win32.x86_64_17.0.5.v20221102-0933\jre\bin\management_ext.dll
Event: 7.132 Loaded shared library C:\Users\User\.p2\pool\plugins\org.eclipse.justj.openjdk.hotspot.jre.full.win32.x86_64_17.0.5.v20221102-0933\jre\bin\sunmscapi.dll

Deoptimization events (20 events):
Event: 26665.049 Thread 0x000001d6e4e8ae40 DEOPT PACKING pc=0x000001d6cb21a110 sp=0x0000003d72ffd050
Event: 26665.049 Thread 0x000001d6e4e8ae40 DEOPT UNPACKING pc=0x000001d6c91a2b43 sp=0x0000003d72ffc560 mode 0
Event: 26665.895 Thread 0x000001d6e4e8b310 DEOPT PACKING pc=0x000001d6c9dc073f sp=0x0000003d731fdc60
Event: 26665.895 Thread 0x000001d6e4e8b310 DEOPT UNPACKING pc=0x000001d6c91a2b43 sp=0x0000003d731fd118 mode 0
Event: 26672.374 Thread 0x000001d6e4e909b0 Uncommon trap: trap_request=0xffffff45 fr.pc=0x000001d6d14a19b8 relative=0x0000000000001a38
Event: 26672.374 Thread 0x000001d6e4e909b0 Uncommon trap: reason=unstable_if action=reinterpret pc=0x000001d6d14a19b8 method=java.util.concurrent.locks.ReentrantReadWriteLock$Sync.tryReleaseShared(I)Z @ 129 c2
Event: 26672.374 Thread 0x000001d6e4e909b0 DEOPT PACKING pc=0x000001d6d14a19b8 sp=0x0000003d72dfe5b0
Event: 26672.374 Thread 0x000001d6e4e909b0 DEOPT UNPACKING pc=0x000001d6c91a23a3 sp=0x0000003d72dfe448 mode 2
Event: 26672.487 Thread 0x000001d6e4e8ecd0 Uncommon trap: trap_request=0xffffffcc fr.pc=0x000001d6d21f10d8 relative=0x00000000000001b8
Event: 26672.487 Thread 0x000001d6e4e8ecd0 Uncommon trap: reason=intrinsic_or_type_checked_inlining action=make_not_entrant pc=0x000001d6d21f10d8 method=java.util.concurrent.CopyOnWriteArrayList.toArray([Ljava/lang/Object;)[Ljava/lang/Object; @ 29 c2
Event: 26672.487 Thread 0x000001d6e4e8ecd0 DEOPT PACKING pc=0x000001d6d21f10d8 sp=0x0000003d735fe1b0
Event: 26672.487 Thread 0x000001d6e4e8ecd0 DEOPT UNPACKING pc=0x000001d6c91a23a3 sp=0x0000003d735fe140 mode 2
Event: 26673.619 Thread 0x000001d6e4e92690 Uncommon trap: trap_request=0xffffffdc fr.pc=0x000001d6d21f2b5c relative=0x000000000000023c
Event: 26673.619 Thread 0x000001d6e4e92690 Uncommon trap: reason=class_check action=make_not_entrant pc=0x000001d6d21f2b5c method=java.util.concurrent.CopyOnWriteArrayList.toArray([Ljava/lang/Object;)[Ljava/lang/Object; @ 20 c2
Event: 26673.619 Thread 0x000001d6e4e92690 DEOPT PACKING pc=0x000001d6d21f2b5c sp=0x0000003d72cfdf00
Event: 26673.620 Thread 0x000001d6e4e92690 DEOPT UNPACKING pc=0x000001d6c91a23a3 sp=0x0000003d72cfdeb0 mode 2
Event: 26676.671 Thread 0x000001d6e4e8cb20 Uncommon trap: trap_request=0xffffff45 fr.pc=0x000001d6d14ba840 relative=0x0000000000000680
Event: 26676.671 Thread 0x000001d6e4e8cb20 Uncommon trap: reason=unstable_if action=reinterpret pc=0x000001d6d14ba840 method=java.util.concurrent.locks.ReentrantReadWriteLock$Sync.tryReleaseShared(I)Z @ 129 c2
Event: 26676.671 Thread 0x000001d6e4e8cb20 DEOPT PACKING pc=0x000001d6d14ba840 sp=0x0000003d730fe860
Event: 26676.671 Thread 0x000001d6e4e8cb20 DEOPT UNPACKING pc=0x000001d6c91a23a3 sp=0x0000003d730fe6e8 mode 2

Classes unloaded (20 events):
Event: 26218.830 Thread 0x000001d6df1d68a0 Unloading class 0x0000000100ae0000 'croisiere/rest/AdminRestController'
Event: 26218.830 Thread 0x000001d6df1d68a0 Unloading class 0x0000000100abc4b8 'croisiere/config/EncoderConfig'
Event: 26218.830 Thread 0x000001d6df1d68a0 Unloading class 0x0000000100abc200 'croisiere/config/SecurityConfig'
Event: 26218.830 Thread 0x000001d6df1d68a0 Unloading class 0x0000000100abc000 'croisiere/CroisiereBootApplication'
Event: 26218.830 Thread 0x000001d6df1d68a0 Unloading class 0x00000001002a8c00 'jdk/internal/reflect/GeneratedMethodAccessor313'
Event: 26218.830 Thread 0x000001d6df1d68a0 Unloading class 0x00000001002a8800 'jdk/internal/reflect/GeneratedMethodAccessor312'
Event: 26218.830 Thread 0x000001d6df1d68a0 Unloading class 0x0000000100b48c00 'jdk/internal/reflect/GeneratedMethodAccessor311'
Event: 26218.830 Thread 0x000001d6df1d68a0 Unloading class 0x0000000100b01c00 'jdk/internal/reflect/GeneratedMethodAccessor297'
Event: 26218.830 Thread 0x000001d6df1d68a0 Unloading class 0x0000000100aa9800 'jdk/internal/reflect/GeneratedMethodAccessor291'
Event: 26218.830 Thread 0x000001d6df1d68a0 Unloading class 0x00000001001a9800 'jdk/internal/reflect/GeneratedMethodAccessor290'
Event: 26218.830 Thread 0x000001d6df1d68a0 Unloading class 0x0000000100a64400 'jdk/internal/reflect/GeneratedMethodAccessor289'
Event: 26218.830 Thread 0x000001d6df1d68a0 Unloading class 0x0000000100a8cc00 'jdk/internal/reflect/GeneratedMethodAccessor283'
Event: 26218.830 Thread 0x000001d6df1d68a0 Unloading class 0x0000000100a7a000 'jdk/internal/reflect/GeneratedMethodAccessor282'
Event: 26218.830 Thread 0x000001d6df1d68a0 Unloading class 0x0000000100a69800 'jdk/internal/reflect/GeneratedMethodAccessor277'
Event: 26218.830 Thread 0x000001d6df1d68a0 Unloading class 0x0000000100b63000 'jdk/internal/reflect/GeneratedMethodAccessor275'
Event: 26218.830 Thread 0x000001d6df1d68a0 Unloading class 0x0000000100a7a800 'jdk/internal/reflect/GeneratedMethodAccessor274'
Event: 26218.830 Thread 0x000001d6df1d68a0 Unloading class 0x0000000100a92400 'jdk/internal/reflect/GeneratedMethodAccessor273'
Event: 26218.830 Thread 0x000001d6df1d68a0 Unloading class 0x0000000100a92000 'jdk/internal/reflect/GeneratedMethodAccessor272'
Event: 26218.830 Thread 0x000001d6df1d68a0 Unloading class 0x0000000100a6a400 'jdk/internal/reflect/GeneratedMethodAccessor271'
Event: 26218.830 Thread 0x000001d6df1d68a0 Unloading class 0x0000000100a72800 'jdk/internal/reflect/GeneratedMethodAccessor269'

Classes redefined (0 events):
No events

Internal exceptions (20 events):
Event: 25698.276 Thread 0x000001d6e21e1fd0 Exception <a 'java/lang/reflect/InvocationTargetException'{0x000000008731e840}> (0x000000008731e840) 
thrown [s\src\hotspot\share\runtime\reflection.cpp, line 1121]
Event: 25698.278 Thread 0x000001d6e21e1fd0 Exception <a 'java/lang/reflect/InvocationTargetException'{0x000000008732bac8}> (0x000000008732bac8) 
thrown [s\src\hotspot\share\runtime\reflection.cpp, line 1121]
Event: 25698.285 Thread 0x000001d6e21e1fd0 Exception <a 'java/lang/ClassNotFoundException'{0x000000008721d660}: java/lang/ObjectCustomizer> (0x000000008721d660) 
thrown [s\src\hotspot\share\classfile\systemDictionary.cpp, line 256]
Event: 25698.286 Thread 0x000001d6e21e1fd0 Exception <a 'java/lang/ClassNotFoundException'{0x00000000872259d0}: croisiere/rest/VoyageRestControllerCustomizer> (0x00000000872259d0) 
thrown [s\src\hotspot\share\classfile\systemDictionary.cpp, line 256]
Event: 25698.368 Thread 0x000001d6e21e1fd0 Exception <a 'java/lang/reflect/InvocationTargetException'{0x00000000869b6708}> (0x00000000869b6708) 
thrown [s\src\hotspot\share\runtime\reflection.cpp, line 1121]
Event: 25698.369 Thread 0x000001d6e21e1fd0 Exception <a 'java/lang/reflect/InvocationTargetException'{0x00000000869bfdd8}> (0x00000000869bfdd8) 
thrown [s\src\hotspot\share\runtime\reflection.cpp, line 1121]
Event: 25727.750 Thread 0x000001d6e4e8ae40 Implicit null exception at 0x000001d6d1ff6f27 to 0x000001d6d1ffa920
Event: 26504.345 Thread 0x000001d6e4e909b0 Exception <a 'java/lang/IllegalArgumentException'{0x0000000087ac9a00}: object is not an instance of declaring class> (0x0000000087ac9a00) 
thrown [s\src\hotspot\share\runtime\reflection.cpp, line 983]
Event: 26601.522 Thread 0x000001d6e4e8e800 Exception <a 'java/lang/reflect/InvocationTargetException'{0x00000000868866c0}> (0x00000000868866c0) 
thrown [s\src\hotspot\share\runtime\reflection.cpp, line 1121]
Event: 26601.542 Thread 0x000001d6e4e8d990 Exception <a 'java/lang/reflect/InvocationTargetException'{0x000000008676de98}> (0x000000008676de98) 
thrown [s\src\hotspot\share\runtime\reflection.cpp, line 1121]
Event: 26601.592 Thread 0x000001d6e4e92690 Exception <a 'java/lang/reflect/InvocationTargetException'{0x000000008669f6d0}> (0x000000008669f6d0) 
thrown [s\src\hotspot\share\runtime\reflection.cpp, line 1121]
Event: 26601.616 Thread 0x000001d6e4e8b7e0 Exception <a 'java/lang/reflect/InvocationTargetException'{0x0000000086559878}> (0x0000000086559878) 
thrown [s\src\hotspot\share\runtime\reflection.cpp, line 1121]
Event: 26601.721 Thread 0x000001d6e4e8cb20 Exception <a 'java/lang/reflect/InvocationTargetException'{0x0000000086499530}> (0x0000000086499530) 
thrown [s\src\hotspot\share\runtime\reflection.cpp, line 1121]
Event: 26601.723 Thread 0x000001d6e4e8d990 Exception <a 'java/lang/reflect/InvocationTargetException'{0x00000000864ae238}> (0x00000000864ae238) 
thrown [s\src\hotspot\share\runtime\reflection.cpp, line 1121]
Event: 26601.801 Thread 0x000001d6e4e8e800 Exception <a 'java/lang/reflect/InvocationTargetException'{0x000000008620b770}> (0x000000008620b770) 
thrown [s\src\hotspot\share\runtime\reflection.cpp, line 1121]
Event: 26601.961 Thread 0x000001d6e4e8b310 Exception <a 'java/lang/reflect/InvocationTargetException'{0x0000000086124980}> (0x0000000086124980) 
thrown [s\src\hotspot\share\runtime\reflection.cpp, line 1121]
Event: 26601.969 Thread 0x000001d6e4e909b0 Exception <a 'java/lang/reflect/InvocationTargetException'{0x000000008619aec8}> (0x000000008619aec8) 
thrown [s\src\hotspot\share\runtime\reflection.cpp, line 1121]
Event: 26602.005 Thread 0x000001d6e4e92690 Exception <a 'java/lang/reflect/InvocationTargetException'{0x000000008609b6d8}> (0x000000008609b6d8) 
thrown [s\src\hotspot\share\runtime\reflection.cpp, line 1121]
Event: 26602.659 Thread 0x000001d6e4e8e800 Exception <a 'java/lang/reflect/InvocationTargetException'{0x0000000085f70700}> (0x0000000085f70700) 
thrown [s\src\hotspot\share\runtime\reflection.cpp, line 1121]
Event: 26602.682 Thread 0x000001d6e4e8b310 Exception <a 'java/lang/reflect/InvocationTargetException'{0x0000000085efd518}> (0x0000000085efd518) 
thrown [s\src\hotspot\share\runtime\reflection.cpp, line 1121]

VM Operations (20 events):
Event: 26736.945 Executing VM operation: Cleanup
Event: 26736.945 Executing VM operation: Cleanup done
Event: 26736.968 Executing VM operation: G1CollectForAllocation
Event: 26736.970 Executing VM operation: G1CollectForAllocation done
Event: 26737.050 Executing VM operation: G1Concurrent
Event: 26737.060 Executing VM operation: G1Concurrent done
Event: 26737.095 Executing VM operation: G1Concurrent
Event: 26737.095 Executing VM operation: G1Concurrent done
Event: 26738.663 Executing VM operation: G1CollectForAllocation
Event: 26738.665 Executing VM operation: G1CollectForAllocation done
Event: 26739.671 Executing VM operation: Cleanup
Event: 26739.671 Executing VM operation: Cleanup done
Event: 26739.941 Executing VM operation: G1CollectForAllocation
Event: 26739.943 Executing VM operation: G1CollectForAllocation done
Event: 26740.023 Executing VM operation: G1Concurrent
Event: 26740.031 Executing VM operation: G1Concurrent done
Event: 26740.066 Executing VM operation: G1Concurrent
Event: 26740.066 Executing VM operation: G1Concurrent done
Event: 26741.296 Executing VM operation: G1CollectForAllocation
Event: 26741.297 Executing VM operation: G1CollectForAllocation done

Events (20 events):
Event: 26741.994 loading class jdk/internal/reflect/GeneratedMethodAccessor381
Event: 26741.994 loading class jdk/internal/reflect/GeneratedMethodAccessor381 done
Event: 26741.994 loading class jdk/internal/reflect/GeneratedMethodAccessor381
Event: 26741.994 loading class jdk/internal/reflect/GeneratedMethodAccessor381 done
Event: 26742.008 loading class jdk/internal/reflect/GeneratedMethodAccessor382
Event: 26742.008 loading class jdk/internal/reflect/GeneratedMethodAccessor382 done
Event: 26742.008 loading class jdk/internal/reflect/GeneratedMethodAccessor382
Event: 26742.008 loading class jdk/internal/reflect/GeneratedMethodAccessor382 done
Event: 26742.028 loading class jdk/internal/reflect/GeneratedMethodAccessor381
Event: 26742.028 loading class jdk/internal/reflect/GeneratedMethodAccessor381 done
Event: 26742.029 loading class jdk/internal/reflect/GeneratedMethodAccessor381
Event: 26742.029 loading class jdk/internal/reflect/GeneratedMethodAccessor381 done
Event: 26742.080 loading class jdk/internal/reflect/GeneratedMethodAccessor382
Event: 26742.080 loading class jdk/internal/reflect/GeneratedMethodAccessor382 done
Event: 26742.080 loading class jdk/internal/reflect/GeneratedMethodAccessor382
Event: 26742.080 loading class jdk/internal/reflect/GeneratedMethodAccessor382 done
Event: 26742.111 loading class jdk/internal/reflect/GeneratedMethodAccessor381
Event: 26742.111 loading class jdk/internal/reflect/GeneratedMethodAccessor381 done
Event: 26742.111 loading class jdk/internal/reflect/GeneratedMethodAccessor381
Event: 26742.111 loading class jdk/internal/reflect/GeneratedMethodAccessor381 done


Dynamic libraries:
0x00007ff736540000 - 0x00007ff73654e000 	C:\Users\User\.p2\pool\plugins\org.eclipse.justj.openjdk.hotspot.jre.full.win32.x86_64_17.0.5.v20221102-0933\jre\bin\javaw.exe
0x00007ff81b550000 - 0x00007ff81b748000 	C:\WINDOWS\SYSTEM32\ntdll.dll
0x00007ff819640000 - 0x00007ff8196ff000 	C:\WINDOWS\System32\KERNEL32.DLL
0x00007ff8192b0000 - 0x00007ff819582000 	C:\WINDOWS\System32\KERNELBASE.dll
0x00007ff818db0000 - 0x00007ff818eb0000 	C:\WINDOWS\System32\ucrtbase.dll
0x00007ff8141b0000 - 0x00007ff8141c7000 	C:\Users\User\.p2\pool\plugins\org.eclipse.justj.openjdk.hotspot.jre.full.win32.x86_64_17.0.5.v20221102-0933\jre\bin\jli.dll
0x00007ff81b360000 - 0x00007ff81b501000 	C:\WINDOWS\System32\USER32.dll
0x00007ff804d00000 - 0x00007ff804d19000 	C:\Users\User\.p2\pool\plugins\org.eclipse.justj.openjdk.hotspot.jre.full.win32.x86_64_17.0.5.v20221102-0933\jre\bin\VCRUNTIME140.dll
0x00007ff818c40000 - 0x00007ff818c62000 	C:\WINDOWS\System32\win32u.dll
0x00007ff819dd0000 - 0x00007ff819dfb000 	C:\WINDOWS\System32\GDI32.dll
0x00007ff818c70000 - 0x00007ff818d7f000 	C:\WINDOWS\System32\gdi32full.dll
0x00007ff819180000 - 0x00007ff81921d000 	C:\WINDOWS\System32\msvcp_win.dll
0x00007ff802ea0000 - 0x00007ff80313a000 	C:\WINDOWS\WinSxS\amd64_microsoft.windows.common-controls_6595b64144ccf1df_6.0.19041.1110_none_60b5254171f9507e\COMCTL32.dll
0x00007ff819590000 - 0x00007ff81962e000 	C:\WINDOWS\System32\msvcrt.dll
0x00007ff8198d0000 - 0x00007ff819902000 	C:\WINDOWS\System32\IMM32.DLL
0x00007ff814250000 - 0x00007ff81425c000 	C:\Users\User\.p2\pool\plugins\org.eclipse.justj.openjdk.hotspot.jre.full.win32.x86_64_17.0.5.v20221102-0933\jre\bin\vcruntime140_1.dll
0x00007fffb6140000 - 0x00007fffb61d1000 	C:\Users\User\.p2\pool\plugins\org.eclipse.justj.openjdk.hotspot.jre.full.win32.x86_64_17.0.5.v20221102-0933\jre\bin\msvcp140.dll
0x00007fff7b630000 - 0x00007fff7c274000 	C:\Users\User\.p2\pool\plugins\org.eclipse.justj.openjdk.hotspot.jre.full.win32.x86_64_17.0.5.v20221102-0933\jre\bin\server\jvm.dll
0x00007ff819910000 - 0x00007ff8199be000 	C:\WINDOWS\System32\ADVAPI32.dll
0x00007ff819830000 - 0x00007ff8198cc000 	C:\WINDOWS\System32\sechost.dll
0x00007ff81a830000 - 0x00007ff81a955000 	C:\WINDOWS\System32\RPCRT4.dll
0x00007fffdf390000 - 0x00007fffdf399000 	C:\WINDOWS\SYSTEM32\WSOCK32.dll
0x00007ff81a740000 - 0x00007ff81a7ab000 	C:\WINDOWS\System32\WS2_32.dll
0x00007ff80ded0000 - 0x00007ff80def7000 	C:\WINDOWS\SYSTEM32\WINMM.dll
0x00007ff811600000 - 0x00007ff81160a000 	C:\WINDOWS\SYSTEM32\VERSION.dll
0x00007ff817470000 - 0x00007ff817482000 	C:\WINDOWS\SYSTEM32\kernel.appcore.dll
0x00007fffdf380000 - 0x00007fffdf38a000 	C:\Users\User\.p2\pool\plugins\org.eclipse.justj.openjdk.hotspot.jre.full.win32.x86_64_17.0.5.v20221102-0933\jre\bin\jimage.dll
0x00007ff816940000 - 0x00007ff816b24000 	C:\WINDOWS\SYSTEM32\DBGHELP.DLL
0x00007ff800f70000 - 0x00007ff800fa5000 	C:\WINDOWS\SYSTEM32\dbgcore.DLL
0x00007ff819220000 - 0x00007ff8192a2000 	C:\WINDOWS\System32\bcryptPrimitives.dll
0x00007fff96a90000 - 0x00007fff96ab5000 	C:\Users\User\.p2\pool\plugins\org.eclipse.justj.openjdk.hotspot.jre.full.win32.x86_64_17.0.5.v20221102-0933\jre\bin\java.dll
0x00007fffc7880000 - 0x00007fffc7898000 	C:\Users\User\.p2\pool\plugins\org.eclipse.justj.openjdk.hotspot.jre.full.win32.x86_64_17.0.5.v20221102-0933\jre\bin\zip.dll
0x00007ff81ac10000 - 0x00007ff81b355000 	C:\WINDOWS\System32\SHELL32.dll
0x00007ff816cc0000 - 0x00007ff817452000 	C:\WINDOWS\SYSTEM32\windows.storage.dll
0x00007ff819a70000 - 0x00007ff819dc5000 	C:\WINDOWS\System32\combase.dll
0x00007ff8186a0000 - 0x00007ff8186d0000 	C:\WINDOWS\SYSTEM32\Wldp.dll
0x00007ff819e90000 - 0x00007ff819f3d000 	C:\WINDOWS\System32\SHCORE.dll
0x00007ff81abb0000 - 0x00007ff81ac05000 	C:\WINDOWS\System32\shlwapi.dll
0x00007ff818b80000 - 0x00007ff818b9f000 	C:\WINDOWS\SYSTEM32\profapi.dll
0x00007fffb6480000 - 0x00007fffb6499000 	C:\Users\User\.p2\pool\plugins\org.eclipse.justj.openjdk.hotspot.jre.full.win32.x86_64_17.0.5.v20221102-0933\jre\bin\net.dll
0x00007ff80eba0000 - 0x00007ff80ecac000 	C:\WINDOWS\SYSTEM32\WINHTTP.dll
0x00007ff8183c0000 - 0x00007ff81842a000 	C:\WINDOWS\system32\mswsock.dll
0x00007fffb5160000 - 0x00007fffb5175000 	C:\Users\User\.p2\pool\plugins\org.eclipse.justj.openjdk.hotspot.jre.full.win32.x86_64_17.0.5.v20221102-0933\jre\bin\nio.dll
0x00007fffde290000 - 0x00007fffde2a0000 	C:\Users\User\.p2\pool\plugins\org.eclipse.justj.openjdk.hotspot.jre.full.win32.x86_64_17.0.5.v20221102-0933\jre\bin\verify.dll
0x00007ff804cf0000 - 0x00007ff804cf9000 	C:\Users\User\.p2\pool\plugins\org.eclipse.justj.openjdk.hotspot.jre.full.win32.x86_64_17.0.5.v20221102-0933\jre\bin\management.dll
0x00007ffffa830000 - 0x00007ffffa83b000 	C:\Users\User\.p2\pool\plugins\org.eclipse.justj.openjdk.hotspot.jre.full.win32.x86_64_17.0.5.v20221102-0933\jre\bin\management_ext.dll
0x00007ff819e20000 - 0x00007ff819e28000 	C:\WINDOWS\System32\PSAPI.DLL
0x00007fffe63d0000 - 0x00007fffe63e7000 	C:\WINDOWS\system32\napinsp.dll
0x00007fffe63b0000 - 0x00007fffe63cb000 	C:\WINDOWS\system32\pnrpnsp.dll
0x00007fffebde0000 - 0x00007fffebdf5000 	C:\WINDOWS\system32\wshbth.dll
0x00007ff814170000 - 0x00007ff81418d000 	C:\WINDOWS\system32\NLAapi.dll
0x00007ff818070000 - 0x00007ff8180ab000 	C:\WINDOWS\SYSTEM32\IPHLPAPI.DLL
0x00007ff8180c0000 - 0x00007ff81818b000 	C:\WINDOWS\SYSTEM32\DNSAPI.dll
0x00007ff819f40000 - 0x00007ff819f48000 	C:\WINDOWS\System32\NSI.dll
0x00007fffe5df0000 - 0x00007fffe5e02000 	C:\WINDOWS\System32\winrnr.dll
0x0000000056ee0000 - 0x0000000056f06000 	C:\Program Files\Bonjour\mdnsNSP.dll
0x00007ff80d4e0000 - 0x00007ff80d4ea000 	C:\Windows\System32\rasadhlp.dll
0x00007ff80a9a0000 - 0x00007ff80aa20000 	C:\WINDOWS\System32\fwpuclnt.dll
0x00007ff818d80000 - 0x00007ff818da7000 	C:\WINDOWS\System32\bcrypt.dll
0x00007ff8185f0000 - 0x00007ff818608000 	C:\WINDOWS\SYSTEM32\CRYPTSP.dll
0x00007ff817c00000 - 0x00007ff817c34000 	C:\WINDOWS\system32\rsaenh.dll
0x00007ff818b40000 - 0x00007ff818b6e000 	C:\WINDOWS\SYSTEM32\USERENV.dll
0x00007ff818610000 - 0x00007ff81861c000 	C:\WINDOWS\SYSTEM32\CRYPTBASE.dll
0x00007ff811650000 - 0x00007ff811667000 	C:\WINDOWS\SYSTEM32\dhcpcsvc6.DLL
0x00007ff811630000 - 0x00007ff81164d000 	C:\WINDOWS\SYSTEM32\dhcpcsvc.DLL
0x00007fffdf370000 - 0x00007fffdf37e000 	C:\Users\User\.p2\pool\plugins\org.eclipse.justj.openjdk.hotspot.jre.full.win32.x86_64_17.0.5.v20221102-0933\jre\bin\sunmscapi.dll
0x00007ff819020000 - 0x00007ff819176000 	C:\WINDOWS\System32\CRYPT32.dll
0x00007ff818710000 - 0x00007ff818737000 	C:\WINDOWS\SYSTEM32\ncrypt.dll
0x00007ff8186d0000 - 0x00007ff81870b000 	C:\WINDOWS\SYSTEM32\NTASN1.dll
0x00007ff8134a0000 - 0x00007ff8134a7000 	C:\WINDOWS\system32\wshunix.dll

dbghelp: loaded successfully - version: 4.0.5 - missing functions: none
symbol engine: initialized successfully - sym options: 0x614 - pdb path: .;C:\Users\User\.p2\pool\plugins\org.eclipse.justj.openjdk.hotspot.jre.full.win32.x86_64_17.0.5.v20221102-0933\jre\bin;C:\WINDOWS\SYSTEM32;C:\WINDOWS\WinSxS\amd64_microsoft.windows.common-controls_6595b64144ccf1df_6.0.19041.1110_none_60b5254171f9507e;C:\Users\User\.p2\pool\plugins\org.eclipse.justj.openjdk.hotspot.jre.full.win32.x86_64_17.0.5.v20221102-0933\jre\bin\server;C:\Program Files\Bonjour

VM Arguments:
jvm_args: -Dfile.encoding=UTF-8 -XX:+ShowCodeDetailsInExceptionMessages 
java_command: croisiere.CroisiereBootApplication
java_class_path (initial): D:\Documents\Formation Sopra\Groupe 3\croisiereBoot\target\classes;C:\Users\User\.m2\repository\org\springframework\boot\spring-boot-starter-data-jpa\2.7.8\spring-boot-starter-data-jpa-2.7.8.jar;C:\Users\User\.m2\repository\org\springframework\boot\spring-boot-starter-aop\2.7.8\spring-boot-starter-aop-2.7.8.jar;C:\Users\User\.m2\repository\org\aspectj\aspectjweaver\1.9.7\aspectjweaver-1.9.7.jar;C:\Users\User\.m2\repository\org\springframework\boot\spring-boot-starter-jdbc\2.7.8\spring-boot-starter-jdbc-2.7.8.jar;C:\Users\User\.m2\repository\com\zaxxer\HikariCP\4.0.3\HikariCP-4.0.3.jar;C:\Users\User\.m2\repository\org\springframework\spring-jdbc\5.3.25\spring-jdbc-5.3.25.jar;C:\Users\User\.m2\repository\jakarta\transaction\jakarta.transaction-api\1.3.3\jakarta.transaction-api-1.3.3.jar;C:\Users\User\.m2\repository\jakarta\persistence\jakarta.persistence-api\2.2.3\jakarta.persistence-api-2.2.3.jar;C:\Users\User\.m2\repository\org\hibernate\hibernate-core\5.6.14.Final\hibernate-core-5.6.14.Final.jar;C:\Users\User\.m2\repository\org\jboss\logging\jboss-logging\3.4.3.Final\jboss-logging-3.4.3.Final.jar;C:\Users\User\.m2\repository\net\bytebuddy\byte-buddy\1.12.22\byte-buddy-1.12.22.jar;C:\Users\User\.m2\repository\antlr\antlr\2.7.7\antlr-2.7.7.jar;C:\Users\User\.m2\repository\org\jboss\jandex\2.4.2.Final\jandex-2.4.2.Final.jar;C:\Users\User\.m2\repository\com\fasterxml\classmate\1.5.1\classmate-1.5.1.jar;C:\Users\User\.m2\repository\org\hibernate\common\hibernate-commons-annotations\5.1.2.Final\hibernate-commons-annotations-5.1.2.Final.jar;C:\Users\User\.m2\repository\org\glassfish\jaxb\jaxb-runtime\2.3.7\jaxb-runtime-2.3.7.jar;C:\Users\User\.m2\repository\org\glassfish\jaxb\txw2\2.3.7\txw2-2.3.7.jar;C:\Users\User\.m2\repository\com\sun\istack\istack-commons-runtime\3.0.12\istack-commons-runtime-3.0.12.jar;C:\Users\User\.m2\repository\com\sun\activation\jakarta.activation\1.2.2\jakarta.activation-1.2.2.jar;C:\Users\User\.m2\repository\org\spr
Launcher Type: SUN_STANDARD

[Global flags]
     intx CICompilerCount                          = 3                                         {product} {ergonomic}
     uint ConcGCThreads                            = 1                                         {product} {ergonomic}
     uint G1ConcRefinementThreads                  = 4                                         {product} {ergonomic}
   size_t G1HeapRegionSize                         = 1048576                                   {product} {ergonomic}
    uintx GCDrainStackTargetSize                   = 64                                        {product} {ergonomic}
   size_t InitialHeapSize                          = 134217728                                 {product} {ergonomic}
   size_t MarkStackSize                            = 4194304                                   {product} {ergonomic}
   size_t MaxHeapSize                              = 2130706432                                {product} {ergonomic}
   size_t MaxNewSize                               = 1278214144                                {product} {ergonomic}
   size_t MinHeapDeltaBytes                        = 1048576                                   {product} {ergonomic}
   size_t MinHeapSize                              = 8388608                                   {product} {ergonomic}
    uintx NonNMethodCodeHeapSize                   = 5832780                                {pd product} {ergonomic}
    uintx NonProfiledCodeHeapSize                  = 122912730                              {pd product} {ergonomic}
    uintx ProfiledCodeHeapSize                     = 122912730                              {pd product} {ergonomic}
    uintx ReservedCodeCacheSize                    = 251658240                              {pd product} {ergonomic}
     bool SegmentedCodeCache                       = true                                      {product} {ergonomic}
     bool ShowCodeDetailsInExceptionMessages       = true                                   {manageable} {command line}
   size_t SoftMaxHeapSize                          = 2130706432                             {manageable} {ergonomic}
     bool UseCompressedClassPointers               = true                           {product lp64_product} {ergonomic}
     bool UseCompressedOops                        = true                           {product lp64_product} {ergonomic}
     bool UseG1GC                                  = true                                      {product} {ergonomic}
     bool UseLargePagesIndividualAllocation        = false                                  {pd product} {ergonomic}

Logging:
Log output configuration:
 #0: stdout all=warning uptime,level,tags
 #1: stderr all=off uptime,level,tags

Environment Variables:
PATH=C:/Users/User/.p2/pool/plugins/org.eclipse.justj.openjdk.hotspot.jre.full.win32.x86_64_17.0.5.v20221102-0933/jre/bin/server;C:/Users/User/.p2/pool/plugins/org.eclipse.justj.openjdk.hotspot.jre.full.win32.x86_64_17.0.5.v20221102-0933/jre/bin;C:\Program Files\Common Files\Oracle\Java\javapath;C:\WINDOWS\system32;C:\WINDOWS;C:\WINDOWS\System32\Wbem;C:\WINDOWS\System32\WindowsPowerShell\v1.0\;C:\WINDOWS\System32\OpenSSH\;C:\Program Files\MiKTeX 2.9\miktex\bin\x64\;E:\Matlab\runtime\win64;E:\Matlab\bin;C:\Program Files\NVIDIA Corporation\NVIDIA NvDLISR;C:\Program Files (x86)\NVIDIA Corporation\PhysX\Common;C:\Program Files\dotnet\;C:\Program Files\Neovim\bin;C:\Program Files\Git\cmd;C:\Program Files\nodejs\;C:\Users\User\AppData\Local\Microsoft\WindowsApps;C:\Users\User\AppData\Local\gitkraken\bin;C:\Users\User\AppData\Local\atom\bin;C:\Users\User\AppData\Local\Programs\Microsoft VS Code\bin;C:\Users\User\AppData\Roaming\npm;C:\WINDOWS\system32;
USERNAME=User
TMPDIR=C:\Users\Public\Documents\Wondershare\CreatorTemp
OS=Windows_NT
PROCESSOR_IDENTIFIER=Intel64 Family 6 Model 60 Stepping 3, GenuineIntel
TMP=C:\Users\User\AppData\Local\Temp
TEMP=C:\Users\User\AppData\Local\Temp



---------------  S Y S T E M  ---------------

OS:
 Windows 10 , 64 bit Build 19041 (10.0.19041.2546)
OS uptime: 0 days 7:48 hours
Hyper-V role detected

CPU: total 4 (initial active 4) (4 cores per cpu, 1 threads per core) family 6 model 60 stepping 3 microcode 0x27, cx8, cmov, fxsr, mmx, sse, sse2, sse3, ssse3, sse4.1, sse4.2, popcnt, lzcnt, tsc, tscinvbit, avx, avx2, aes, erms, clmul, bmi1, bmi2, fma, vzeroupper, clflush, hv

Memory: 4k page, system-wide physical 8120M (535M free)
TotalPageFile size 32696M (AvailPageFile size 4M)
current process WorkingSet (physical memory assigned to process): 268M, peak: 374M
current process commit charge ("private bytes"): 405M, peak: 427M

vm_info: OpenJDK 64-Bit Server VM (17.0.5+8) for windows-amd64 JRE (17.0.5+8), built on Oct 19 2022 04:48:13 by "temurin" with MS VC++ 16.7 (VS2019)

END.
